<?xml version="1.0" encoding="UTF-8"?>
<!-- Generated by org.testng.reporters.JUnitXMLReporter -->
<testsuite hostname="Tapanas-Mac-mini.local" name="Registration" tests="2" failures="0" timestamp="20 Aug 2016 11:40:50 GMT" time="159.549" errors="0">
  <testcase name="termOfServiceTest" time="36.198" classname="com.ngage.automationscript.registration.NgageRegistration"/>
  <testcase name="registerPageTest" time="67.094" classname="com.ngage.automationscript.registration.NgageRegistration"/>
</testsuite> <!-- Registration -->
